'tcardisjapan_b:-'tunicolor_c:c'	BC	100	
'catharusgracili-'catharusocciden	J	100	
'cichlherminiado-'tjamaicensis1_h	H	84	
'nesocichla_i:i'-'tpeliosnigeria_	DE	14	D DH EH	3	DE EH	23	BE CE DE EH	1	EH	2	
'talbocinctus_c:-'tpolthomassoni_	B BC	4	B	1	
'pflavipes_e:e'-'tludoviciae_d:d	AD BD DE	2	
'tmandarinusvnm1-'ttephronotus_d:	CD	15	
'zcitrinainnotat-'zschistacea_g:g	CG	100	
'talbocinctus_c:-'tmaximus_c:c'	C BC	11	C	35	B C	1	C AC BC	53	
'tiliacus_ab:ab'-'tmerulaxinjiang	A B	46	
'psophocichlalis-'psophocichlasim	D	100	
'tjamaicensis1_h-'tswalesi_h:h'	H	10	
'nesocichla_i:i'-'tserranus_e:e'	E	2	
'nesocichla_i:i'-'tmaranonicus_e:	EI	100	
'nesocichla_i:i'-'tnigrescens_j:j	DE EH EJ	3	DE EJ	2	EJ	5	DJ HJ	11	HJ	2	EH HJ	1	DJ EJ HJ	5	EJ HJ	1	CJ DJ EJ HJ	1	D DH EH	1	DE EH	4	E EH HJ	1	
'catharusdryas_j-'zdixoni_c:c'	CF	12	
'tmerulanidingen-'tmerulaxinjiang	AB	100	
'taurantius1_h:h-'tplumbeusplumbe	H	99	H DH	1	
'tignobilis_e:e'-'tmaranonicus_e:	E	100	
'tcelaenops_b:b'-'tpolkulambangra	B	5	
'nesocichla_i:i'-'tolivater_e:e'	E	11	
'talbocinctus_c:-'trufitorques_j:	D BH CH DH	1	CJ DJ	1	D CH DH	9	DJ HJ	11	
'cichlherminiado-'ttephronotus_d:	AD BD DH	1	D DH	3	D DE DH	2	DH	6	BH DH	3	
'tfumigatus1_e:e-'tlawrencei_e:e'	E	1	
'pflavipes_e:e'-'tmerulaxinjiang	A B	27	B	1	AE BE	71	BE DE	1	
'tfumigatus1_e:e-'thauxwelli_e:e'	E	100	
'cichlherminiado-'trufitorques_j:	H DH	1	
'cichlherminiado-'platycichlaleuc	H	5	H DH	1	H DH EH	1	H EH	1	
'tphilomelosdls_-'tviscivorus_ab:	A B	1	
'cichlherminiado-'tludoviciae_d:d	AD BD DH	1	DH	15	BH DH	2	
'tolivaceuscapet-'tsmithipondoens	D	100	
'tinfuscatus_j:j-'tnigrescens_j:j	J	100	
'thelleri_d:d'-'troehli_d:d'	D	100	
'zdixoni_c:c'-'zmonticola_c:c'	C	5	
'talbocinctus_c:-'tplumbeusplumbe	CH DH	5	BH CH	1	CD CH	1	BH CH DH	7	CH	3	
'talbocinctus_c:-'tunicolor_c:c'	BC	2	C	30	C BC	37	B C BC	1	
'nesocichla_i:i'-'tswalesi_h:h'	DE H DH	3	H DH HJ	11	H DH	21	H DH EH	7	E H DH EH HJ	10	H EH	1	E H CH DH EH HJ	1	H	7	H DH EH HJ	6	H CH DH EH	2	E DE H DH EH	2	E H DH EH	21	EH	8	
'catharusdryas_j-'sialiasialis_f:	F	100	
'pflavipes_e:e'-'tassimilis_j:j'	E	66	
'nesocichla_i:i'-'tfalklandi_e:e'	E	100	
'tinfuscatus_j:j-'tolivaceofuscus	DJ	24	
'chlamydocheraje-'cochoaviridis_c	CG	100	
'catharusdryas_j-'myadestesralloi	EF	68	
'tolivaceofuscus-'tpeliosnigeria_	D	2	
'talbocinctus_c:-'tnigrescens_j:j	D BH CH DH	1	CJ DJ	5	DJ	2	D CH DH	3	DJ HJ	4	
'zcameronensis_d-'zschistacea_g:g	CD DG	100	
'tobscurus_b:b'-'tpolthomassoni_	B	2	
'tpolpoliocephal-'tpolrennellianu	G	4	
'tkessleri_c:c'-'tmaximus_c:c'	C	100	
'nesocichla_i:i'-'tplumbeusplumbe	D DH EH	5	
'pflavipes_e:e'-'tmandarinusvnm1	BC AD BD DE	3	
'tgrayi_j:j'-'tobsoletus_j:j'	EJ	44	E	6	
'tcelaenops_b:b'-'tpolpoliocephal	BG	3	B	87	
'oenanthemoesta_-'oenantheoenanth	A	44	
'tcelaenops_b:b'-'tpallidus_b:b'	B	3	
'talbocinctus_c:-'tniveiceps_c:c'	BC	4	C	68	C BC	27	C AC BC	1	
'tcardisjapan_b:-'tsimillimus10_c	C	13	
'taurantius1_h:h-'tpelioskamerun_	DH	17	
'taurantius1_h:h-'tplumbeusardosi	H	28	
'tboulboul_c:c'-'tsimillimus10_c	C	100	
'tbewsheri_d:d'-'tmandarinusvnm1	CD	73	D	6	
'tpolrennellianu-'tpolthomassoni_	G	96	
'nesocichla_i:i'-'trufitorques_j:	DE EH EJ	3	D CH DH EH	3	D DH EH	8	DE EH	12	DJ HJ	1	HJ	1	DJ EJ HJ	4	
'talbicollis_e:e-'tobsoletus_j:j'	EJ	1	J EJ	7	E	10	
'platycichlaleuc-'tnigrescens_j:j	EJ	3	
'tchiguancogb_e:-'treevei_e:e'	E	60	
'hylocichlamuste-'ridgwayiapinico	FJ	12	
'tfumigatus1_e:e-'trufiventris_e:	E	6	
'pflavipes_e:e'-'tobsoletus_j:j'	E EJ	4	EJ	40	E	44	
'tfumigatus1_e:e-'tobsoletus_j:j'	E	1	
'tchiguancogb_e:-'tfuscatergb_e:e	E	4	
'teunomushk_b:b'-'tnaumanni_b:b'	B	100	
'cichlherminiado-'tswalesi_h:h'	H	1	H DH	4	H DH EH	2	
'tfuscatergb_e:e-'tnigriceps_e:e'	E	9	
'cichlherminiado-'tmandarinusvnm1	BC AD BD DE DH	1	D CH DH	2	D DH	1	BH DH	3	CH DH	50	AD BD DH	1	DH	4	D CE DE CH DH	1	BC AD BD DH	2	
'zcameronensis_d-'zsibirica_b:b'	BC BD BG	100	
'nesocichla_i:i'-'tjamaicensis1_h	H	41	H DH	1	H DH EH	3	H CH DH EH	1	H EH	44	
'tbewsheri_d:d'-'ttephronotus_d:	D	99	
'psophocichlalis-'tmupinensis_b:b	BD	100	
'tgrayi_j:j'-'tnudigenis1_e:e	EJ	86	E	14	
'tratrogularis_a-'ttorquatus_a:a'	AB	1	
'cichlherminiado-'zmonticola_c:c'	C BC CD	1	C BC	79	
'teunomushk_b:b'-'tmaximus_c:c'	AC BC	9	BC	1	
'cichlherminiado-'troehli_d:d'	D BD	96	BD	1	D BD DE	3	
'tbewsheri_d:d'-'tludoviciae_d:d	D	62	
'taurantius1_h:h-'tpeliosnigeria_	DH	64	
'tratrogularis_a-'trruficollis_b:	B	100	
'talbicollis_e:e-'tlawrencei_e:e'	E EJ	1	E	10	
'tpallidus_b:b'-'tpolpoliocephal	BG	87	
'tpolhygroscopus-'tpolthomassoni_	G	99	
'myadestesralloi-'sialiasialis_f:	EF	32	
'cichlherminiado-'zdixoni_c:c'	C BC	12	
'tludoviciae_d:d-'ttephronotus_d:	D	33	
'tboulboul_c:c'-'tniveiceps_c:c'	C	21	
'talbocinctus_c:-'tpolpoliocephal	BC	25	B BC	58	B	4	B BC CG	3	
'pflavipes_e:e'-'ttephronotus_d:	AD BD DE	3	BD	1	
'tpelioskamerun_-'tpeliosnigeria_	D	37	
'talbocinctus_c:-'tolivaceofuscus	BD CD	12	D CH DH	1	D DH	8	D DH HJ	4	BD CD DH	1	CD CJ	8	CD	38	CD CH	6	D	5	CD DH	1	D CD DH	1	
'tpolkulambangra-'tpolthomassoni_	G	35	
'oenantheoenanth-'oenantheplescha	A	56	
'zcameronensis_d-'zcrossleyi_d:d'	D	100	
'nesocichla_i:i'-'tpelioskamerun_	DE	3	DE EH DJ HJ	1	DE EH	6	BE CE DE EH	1	
'tamaurochalinus-'tmaranonicus_e:	E	100	
'tchiguancogb_e:-'tfulviventer_e:	E	84	
'tinfuscatus_j:j-'trufitorques_j:	J	63	
'pflavipes_e:e'-'tplebejus492_j:	A B	26	BE	1	AE BE	27	
'cichlherminiado-'tmerulaxinjiang	AH BH	3	BC AD BD BH	18	E AH BH EH	1	BH	1	AD BD BH	6	BH DH	1	BC AD BD DE BH	18	AD BD E BE DE BH	2	BC AD BD E BE DE BH	1	AD BD DE BH	15	
'nesocichla_i:i'-'platycichlaleuc	E DE EH	2	E DE EH EJ	1	E EH	12	DE EH	1	EH	5	E	8	
'nesocichla_i:i'-'tolivaceofuscus	DE	7	CE DE EH HJ	1	D CH DH	5	D CH DH HJ	2	D DH	2	D DE DH	2	D DH HJ	6	D DH EH	1	DE EH	10	CE DE EH	4	CE DE	3	
'chlamydocheraje-'ixoreusnaevius_	CF	10	
'talbocinctus_c:-'tsimillimus10_c	C BC	4	C	5	
'tdissimilisvnm7-'tunicolor_c:c'	C	100	
'cichlherminiado-'tviscivorus_ab:	B AD BD	1	B	99	
'tcelaenops_b:b'-'tchrysolaus_b:b	B	100	
'talbicollis_e:e-'tassimilis_j:j'	EJ	100	
'catharusgracili-'catharusustulat	FJ	100	
'tpolpoliocephal-'tpolthomassoni_	G	9	
'chlamydocheraje-'zmonticola_c:c'	C	83	
'tplumbeusardosi-'tplumbeusplumbe	H	72	
'nesocichla_i:i'-'treevei_e:e'	E	82	
'talbocinctus_c:-'tpilaris_ab:ab'	AC BC	52	BC	6	B AC BC	11	A B AC BC	31	
'tgrayi_j:j'-'thaplochrous_e:	EJ	12	E	20	
'tpolkulambangra-'tpolpoliocephal	G	1	
'teunomushk_b:b'-'trruficollis_b:	B	99	
'talbicollis_e:e-'trufiventris_e:	E EJ	2	E	5	
'taurantius1_h:h-'tolivaceofuscus	D DH	1	DH	3	D DH HJ	3	
'tabyssinicuskul-'troehli_d:d'	D	100	
'tfumigatus1_e:e-'tleucomelas_e:e	E	100	
'cichlherminiado-'tphilomelosdls_	B BD BE	3	B BD	95	B	1	
'tlawrencei_e:e'-'tobsoletus_j:j'	EJ	8	
'tpeliosamnh_d:d-'tpelioskamerun_	D	63	
'tfuscatergb_e:e-'tolivater_e:e'	E	1	
'tobscurus_b:b'-'tpolpoliocephal	B	59	
'talbocinctus_c:-'trubrorubrocanu	C	100	
'tpallidus_b:b'-'tpolkulambangra	BG	5	
'tpeliosamnh_d:d-'tpeliosnigeria_	D	100	
'tabyssinicuskul-'tolivaceuskungw	D	100	
'cichlherminiado-'tmupinensis_b:b	B D	1	B	99	
'talbocinctus_c:-'tpolkulambangra	B BC	4	B	1	
'tmaculirostris_-'tnudigenis1_e:e	E	4	
'tcelaenops_b:b'-'tobscurus_b:b'	B	38	
'trubrogouldii_c-'trubrorubrocanu	C	100	
'catharusdryas_j-'oenantheplescha	AF	72	AE AF	28	
'tmigratorius_jf-'trufitorques_j:	J	100	
'cichlherminiado-'tplebejus492_j:	AH BH	2	BC AD BD BH	16	AD BD BH	8	
'tpolhygroscopus-'tpolkulambangra	G	65	
'tludoviciae_d:d-'tmandarinusvnm1	CD	12	
'tpolhygroscopus-'tpolpoliocephal	G	91	
'catharusdryas_j-'ixoreusnaevius_	F	35	F CF FJ	4	F FJ	61	
'talbocinctus_c:-'tpeliosnigeria_	D BH CH DH	2	CD	5	CD CH	14	D CH DH	2	D	2	D CH DH HJ	11	BD CD BH CH	1	DH	2	
'tcardisjapan_b:-'thortulorum_b:b	B	100	
'talbocinctus_c:-'tpelioskamerun_	D BH CH DH	1	CD	1	CD CH	4	D CH DH HJ	1	D CH DH	2	D	1	D DH	1	BD CD BH CH	6	
'pflavipes_e:e'-'tleucomelas_e:e	E	90	
'tgrayi_j:j'-'trufiventris_e:	E	100	
'tchiguancogb_e:-'tserranus_e:e'	E	91	
'catharusdryas_j-'zsibirica_b:b'	BF CF	7	
'zdauma_c:c'-'zdixoni_c:c'	C	95	
'tgrayi_j:j'-'tmaculirostris_	EJ	2	E	94	
'catharusdryas_j-'catharusustulat	EF J FJ	65	J	35	
'platycichlaleuc-'tswalesi_h:h'	EH	68	EH HJ	1	
'talbicollis_e:e-'tleucomelas_e:e	E	6	
'teunomushk_b:b'-'tpilaris_ab:ab'	A B	25	
'catharusdryas_j-'ridgwayiapinico	F J FJ	12	J	35	J FJ	53	
'talbocinctus_c:-'ttorquatus_a:a'	AC BC	36	A B AC BC	23	B	6	
'pflavipes_e:e'-'tlawrencei_e:e'	E	78	
'zcameronensis_d-'zprincei_d:d'	D	100	
'catharusdryas_j-'zmonticola_c:c'	CF CJ	4	CF	67	
'cichlherminiado-'cichlherminiamo	H	100	
'tnigriceps_e:e'-'tserranus_e:e'	E	87	
'tboulboul_c:c'-'tunicolor_c:c'	C BC	1	C	86	
'pflavipes_e:e'-'trufiventris_e:	E	21	
'teunomushk_b:b'-'ttorquatus_a:a'	B	1	AB	99	
'tcelaenops_b:b'-'tpolthomassoni_	B	5	
'thaplochrous_e:-'tnudigenis1_e:e	E	68	
'taurantius1_h:h-'tnigrescens_j:j	DJ HJ	4	
'tchiguancogb_e:-'tolivater_e:e'	E	100	
'nesocichla_i:i'-'tfulviventer_e:	E	59	
'cichlherminiado-'zsibirica_b:b'	B BC D CD	1	B BC	99	
'tbewsheri_d:d'-'tsmithipondoens	D	100	
'tfuscatergb_e:e-'tserranus_e:e'	E	96	
'zdauma_c:c'-'zmonticola_c:c'	C	100	
'tchiguancogb_e:-'tnigriceps_e:e'	E	12	
'tbewsheri_d:d'-'tmerulaxinjiang	AD BD	1	
'sturnusvulgaris-'oenantheplescha	A AB AE BE AF BF	28	A AB AF BF	72	
'oenanthemoesta_-'oenantheplescha	A	100	
'tobscurus_b:b'-'tpolkulambangra	B	1	
'taurantius1_h:h-'trufitorques_j:	DJ HJ	15	
'chlamydocheraje-'zdixoni_c:c'	C	17	
'tbewsheri_d:d'-'tlibonyanus_d:d	D	100	
'tfulviventer_e:-'treevei_e:e'	E	2	
'tgrayi_j:j'-'tlawrencei_e:e'	E	49	
'tmigratorius_jf-'tnigrescens_j:j	J	37	
'catharusdryas_j-'hylocichlamuste	FJ	35	F FJ	53	
'chlamydocheraje-'zsibirica_b:b'	C BC	8	
'zerythronota_g:-'zschistacea_g:g	G	100	
'tpallidus_b:b'-'tpolthomassoni_	BG	5	
'tiliacus_ab:ab'-'tplebejus492_j:	BJ	1	AJ BJ	99	
